Using pre-set license
Built from '2021.1/release' branch; Version is '2021.1.1f1 (6fdc41dfa55a) revision 7330881'; Using compiler version '192528614'; Build Type 'Release'
OS: 'Windows 10 Pro; OS build 19041.928; Version 2004; 64bit' Language: 'en' Physical Memory: 32698 MB
BatchMode: 1, IsHumanControllingUs: 0, StartBugReporterOnCrash: 0, Is64bit: 1, IsPro: 0

 COMMAND LINE ARGUMENTS:
C:\Program Files\Unity\Hub\Editor\2021.1.1f1\Editor\Unity.exe
-adb2
-batchMode
-noUpm
-name
AssetImportWorker0
-projectPath
D:/Unity Projects/FmodBasics/FMOD_UnityIntegration
-logFile
Logs/AssetImportWorker0.log
-srvPort
60833
Successfully changed project path to: D:/Unity Projects/FmodBasics/FMOD_UnityIntegration
D:/Unity Projects/FmodBasics/FMOD_UnityIntegration
Using Asset Import Pipeline V2.
Refreshing native plugins compatible for Editor in 74.89 ms, found 2 plugins.
Preloading 0 native plugins for Editor in 0.00 ms.
Initialize engine version: 2021.1.1f1 (6fdc41dfa55a)
[Subsystems] Discovering subsystems at path C:/Program Files/Unity/Hub/Editor/2021.1.1f1/Editor/Data/Resources/UnitySubsystems
[Subsystems] Discovering subsystems at path D:/Unity Projects/FmodBasics/FMOD_UnityIntegration/Assets
GfxDevice: creating device client; threaded=0; jobified=0
Direct3D:
    Version:  Direct3D 11.0 [level 11.1]
    Renderer: NVIDIA GeForce RTX 2070 SUPER (ID=0x1e84)
    Vendor:   NVIDIA
    VRAM:     8011 MB
    Driver:   27.21.14.6172
Initialize mono
Mono path[0] = 'C:/Program Files/Unity/Hub/Editor/2021.1.1f1/Editor/Data/Managed'
Mono path[1] = 'C:/Program Files/Unity/Hub/Editor/2021.1.1f1/Editor/Data/MonoBleedingEdge/lib/mono/unityjit'
Mono config path = 'C:/Program Files/Unity/Hub/Editor/2021.1.1f1/Editor/Data/MonoBleedingEdge/etc'
Using monoOptions --debugger-agent=transport=dt_socket,embedding=1,server=y,suspend=n,address=127.0.0.1:56588
Begin MonoManager ReloadAssembly
Registering precompiled unity dll's ...
Register platform support module: C:/Program Files/Unity/Hub/Editor/2021.1.1f1/Editor/Data/PlaybackEngines/WindowsStandaloneSupport/UnityEditor.WindowsStandalone.Extensions.dll
Registered in 0.001630 seconds.
Native extension for WindowsStandalone target not found
Refreshing native plugins compatible for Editor in 43.64 ms, found 2 plugins.
Preloading 0 native plugins for Editor in 0.00 ms.
Mono: successfully reloaded assembly
- Completed reload, in  1.102 seconds
Platform modules already initialized, skipping
Registering precompiled user dll's ...
Registered in 0.007079 seconds.
Begin MonoManager ReloadAssembly
Native extension for WindowsStandalone target not found
Refreshing native plugins compatible for Editor in 0.70 ms, found 2 plugins.
Preloading 0 native plugins for Editor in 0.00 ms.
RefreshInfo: StopAssetImportingV2(NoUpdateAssetOptions) scanfilter: 
RefreshProfiler: Total: 0.000ms
Mono: successfully reloaded assembly
- Completed reload, in  0.962 seconds
Platform modules already initialized, skipping
========================================================================
Worker process is ready to serve import requests
Launched and connected shader compiler UnityShaderCompiler.exe after 0.04 seconds
Refreshing native plugins compatible for Editor in 0.66 ms, found 2 plugins.
Preloading 0 native plugins for Editor in 0.00 ms.
Unloading 6 Unused Serialized files (Serialized files now loaded: 0)
System memory in use before: 42.8 MB.
System memory in use after: 42.9 MB.

Unloading 99 unused Assets to reduce memory usage. Loaded Objects now: 2179.
Total: 4.293700 ms (FindLiveObjects: 0.196400 ms CreateObjectMapping: 0.133900 ms MarkObjects: 3.899500 ms  DeleteObjects: 0.062800 ms)

========================================================================
Received Import Request.
  path: Assets/SurvivalShooter_Third-PartyNotice.txt
  artifactKey: Guid(a150c3f4779258e44aae96f9e0e11528) Importer(815301076,1909f56bfc062723c751e8b465ee728b)
Start importing Assets/SurvivalShooter_Third-PartyNotice.txt using Guid(a150c3f4779258e44aae96f9e0e11528) Importer(815301076,1909f56bfc062723c751e8b465ee728b)  -> (artifact id: '13d5d6813c94cd6669b45bae2da56f47') in 0.057821 seconds 
========================================================================
Received Import Request.
  Time since last request: 3.816898 seconds.
  path: Assets/TutorialInfo
  artifactKey: Guid(49110bb8dcada46328ad741970bce702) Importer(815301076,1909f56bfc062723c751e8b465ee728b)
Start importing Assets/TutorialInfo using Guid(49110bb8dcada46328ad741970bce702) Importer(815301076,1909f56bfc062723c751e8b465ee728b)  -> (artifact id: '1ca771c18eab001efc00e0b263a7be15') in 0.006217 seconds 
========================================================================
Received Import Request.
  Time since last request: 1.831665 seconds.
  path: Assets/TutorialInfo/Layout.wlt
  artifactKey: Guid(eabc9546105bf4accac1fd62a63e88e6) Importer(815301076,1909f56bfc062723c751e8b465ee728b)
Start importing Assets/TutorialInfo/Layout.wlt using Guid(eabc9546105bf4accac1fd62a63e88e6) Importer(815301076,1909f56bfc062723c751e8b465ee728b)  -> (artifact id: 'ae83595cd6e63ae09fed0a4a35e00a0c') in 0.008880 seconds 
========================================================================
Received Import Request.
  Time since last request: 0.436997 seconds.
  path: Assets/TutorialInfo/Scripts
  artifactKey: Guid(5a9bcd70e6a4b4b05badaa72e827d8e0) Importer(815301076,1909f56bfc062723c751e8b465ee728b)
Start importing Assets/TutorialInfo/Scripts using Guid(5a9bcd70e6a4b4b05badaa72e827d8e0) Importer(815301076,1909f56bfc062723c751e8b465ee728b)  -> (artifact id: '225aa23a463c13feec8b80d50172196f') in 0.006357 seconds 
========================================================================
Received Import Request.
  Time since last request: 1.298376 seconds.
  path: Assets/TutorialInfo/Scripts/Editor
  artifactKey: Guid(3ad9b87dffba344c89909c6d1b1c17e1) Importer(815301076,1909f56bfc062723c751e8b465ee728b)
Start importing Assets/TutorialInfo/Scripts/Editor using Guid(3ad9b87dffba344c89909c6d1b1c17e1) Importer(815301076,1909f56bfc062723c751e8b465ee728b)  -> (artifact id: '9cc56606c6f57844f4c5d4a69f853a33') in 0.006238 seconds 
========================================================================
Received Import Request.
  Time since last request: 0.769773 seconds.
  path: Assets/TutorialInfo/Scripts/Editor/ReadmeEditor.cs
  artifactKey: Guid(476cc7d7cd9874016adc216baab94a0a) Importer(815301076,1909f56bfc062723c751e8b465ee728b)
Start importing Assets/TutorialInfo/Scripts/Editor/ReadmeEditor.cs using Guid(476cc7d7cd9874016adc216baab94a0a) Importer(815301076,1909f56bfc062723c751e8b465ee728b)  -> (artifact id: '4494f992459a71a27220ebc0cc1217d5') in 0.009906 seconds 
========================================================================
Received Import Request.
  Time since last request: 3.450286 seconds.
  path: Assets/TutorialInfo/Scripts/Readme.cs
  artifactKey: Guid(fcf7219bab7fe46a1ad266029b2fee19) Importer(815301076,1909f56bfc062723c751e8b465ee728b)
Start importing Assets/TutorialInfo/Scripts/Readme.cs using Guid(fcf7219bab7fe46a1ad266029b2fee19) Importer(815301076,1909f56bfc062723c751e8b465ee728b)  -> (artifact id: '5d7dbe2689035412108b1bc1cee77ac3') in 0.006309 seconds 
========================================================================
Received Import Request.
  Time since last request: 2.968748 seconds.
  path: Assets/TutorialInfo/Icons
  artifactKey: Guid(8a0c9218a650547d98138cd835033977) Importer(815301076,1909f56bfc062723c751e8b465ee728b)
Start importing Assets/TutorialInfo/Icons using Guid(8a0c9218a650547d98138cd835033977) Importer(815301076,1909f56bfc062723c751e8b465ee728b)  -> (artifact id: '101359ceff0df65422f7c43359b60b40') in 0.006363 seconds 
========================================================================
Received Prepare
Registering precompiled user dll's ...
Registered in 0.006566 seconds.
Begin MonoManager ReloadAssembly
Native extension for WindowsStandalone target not found
Refreshing native plugins compatible for Editor in 0.76 ms, found 2 plugins.
Preloading 0 native plugins for Editor in 0.00 ms.
RefreshInfo: StopAssetImportingV2(NoUpdateAssetOptions) scanfilter: 
RefreshProfiler: Total: 0.000ms
Mono: successfully reloaded assembly
- Completed reload, in  0.925 seconds
Platform modules already initialized, skipping
Refreshing native plugins compatible for Editor in 0.76 ms, found 2 plugins.
Preloading 0 native plugins for Editor in 0.00 ms.
Unloading 803 Unused Serialized files (Serialized files now loaded: 0)
System memory in use before: 58.5 MB.
System memory in use after: 58.6 MB.

Unloading 90 unused Assets to reduce memory usage. Loaded Objects now: 2182.
Total: 4.329500 ms (FindLiveObjects: 0.156900 ms CreateObjectMapping: 0.052800 ms MarkObjects: 4.084700 ms  DeleteObjects: 0.034000 ms)

========================================================================
Received Import Request.
  Time since last request: 29.766932 seconds.
  path: Assets/Models/Characters/Player.fbx
  artifactKey: Guid(f1d84cc28597f5641a3d9cbc4df7e306) Importer(815301076,1909f56bfc062723c751e8b465ee728b)
Start importing Assets/Models/Characters/Player.fbx using Guid(f1d84cc28597f5641a3d9cbc4df7e306) Importer(815301076,1909f56bfc062723c751e8b465ee728b)  -> (artifact id: '98bfcc955abc506843e4ac7d5e5703b6') in 0.154965 seconds 
========================================================================
Received Import Request.
  Time since last request: 19.651844 seconds.
  path: Assets/Models/Characters/Player 1.fbx
  artifactKey: Guid(b54529921cb69614c904b7c142dd8b6f) Importer(815301076,1909f56bfc062723c751e8b465ee728b)
Start importing Assets/Models/Characters/Player 1.fbx using Guid(b54529921cb69614c904b7c142dd8b6f) Importer(815301076,1909f56bfc062723c751e8b465ee728b)  -> (artifact id: 'd70167c89b1374bbf5d9f7a8165c09ab') in 0.064121 seconds 
========================================================================
Received Import Request.
  Time since last request: 14.525781 seconds.
  path: Assets/Models/Characters/Idle.anim
  artifactKey: Guid(99b0ec335ed2a284c97ad856458d3702) Importer(815301076,1909f56bfc062723c751e8b465ee728b)
Start importing Assets/Models/Characters/Idle.anim using Guid(99b0ec335ed2a284c97ad856458d3702) Importer(815301076,1909f56bfc062723c751e8b465ee728b)  -> (artifact id: '9bbe2ab51c6ce2ab4508bd483f8826e0') in 0.013962 seconds 
========================================================================
Received Import Request.
  Time since last request: 44.841212 seconds.
  path: Assets/Models/Characters/Move.anim
  artifactKey: Guid(f47274a6c7479534f8d26f202074853b) Importer(815301076,1909f56bfc062723c751e8b465ee728b)
Start importing Assets/Models/Characters/Move.anim using Guid(f47274a6c7479534f8d26f202074853b) Importer(815301076,1909f56bfc062723c751e8b465ee728b)  -> (artifact id: '98c3aa2c4fa06c450fbcbf0f921d03bf') in 0.006752 seconds 
========================================================================
Received Import Request.
  Time since last request: 35.609833 seconds.
  path: Assets/Models/Characters/MoveNew.anim
  artifactKey: Guid(f47274a6c7479534f8d26f202074853b) Importer(815301076,1909f56bfc062723c751e8b465ee728b)
Start importing Assets/Models/Characters/MoveNew.anim using Guid(f47274a6c7479534f8d26f202074853b) Importer(815301076,1909f56bfc062723c751e8b465ee728b)  -> (artifact id: '969ee39a0337e948966dcf3ec3ccbef8') in 0.006558 seconds 
========================================================================
Received Import Request.
  Time since last request: 1.472356 seconds.
  path: Assets/_CompletedAssets/Animation/PlayerAnimatorController.controller
  artifactKey: Guid(8360fd2187b2ccf4e910cb292f55710e) Importer(815301076,1909f56bfc062723c751e8b465ee728b)
Start importing Assets/_CompletedAssets/Animation/PlayerAnimatorController.controller using Guid(8360fd2187b2ccf4e910cb292f55710e) Importer(815301076,1909f56bfc062723c751e8b465ee728b)  -> (artifact id: 'dc1e3b9e81f35cf764e0a34f1748eeb9') in 0.010971 seconds 
========================================================================
Received Prepare
Registering precompiled user dll's ...
Registered in 0.006750 seconds.
Begin MonoManager ReloadAssembly
Native extension for WindowsStandalone target not found
Refreshing native plugins compatible for Editor in 0.73 ms, found 2 plugins.
Preloading 0 native plugins for Editor in 0.00 ms.
RefreshInfo: StopAssetImportingV2(NoUpdateAssetOptions) scanfilter: 
RefreshProfiler: Total: 0.000ms
Mono: successfully reloaded assembly
- Completed reload, in  0.912 seconds
Platform modules already initialized, skipping
Refreshing native plugins compatible for Editor in 0.73 ms, found 2 plugins.
Preloading 0 native plugins for Editor in 0.00 ms.
Unloading 803 Unused Serialized files (Serialized files now loaded: 0)
System memory in use before: 62.5 MB.
System memory in use after: 62.6 MB.

Unloading 90 unused Assets to reduce memory usage. Loaded Objects now: 2195.
Total: 3.940800 ms (FindLiveObjects: 0.133600 ms CreateObjectMapping: 0.045200 ms MarkObjects: 3.735800 ms  DeleteObjects: 0.025200 ms)

========================================================================
Received Prepare
Registering precompiled user dll's ...
Registered in 0.007671 seconds.
Begin MonoManager ReloadAssembly
Native extension for WindowsStandalone target not found
Refreshing native plugins compatible for Editor in 0.74 ms, found 2 plugins.
Preloading 0 native plugins for Editor in 0.00 ms.
RefreshInfo: StopAssetImportingV2(NoUpdateAssetOptions) scanfilter: 
RefreshProfiler: Total: 0.000ms
Mono: successfully reloaded assembly
- Completed reload, in  1.333 seconds
Platform modules already initialized, skipping
Refreshing native plugins compatible for Editor in 0.72 ms, found 2 plugins.
Preloading 0 native plugins for Editor in 0.00 ms.
Unloading 804 Unused Serialized files (Serialized files now loaded: 0)
System memory in use before: 62.5 MB.
System memory in use after: 62.7 MB.

Unloading 90 unused Assets to reduce memory usage. Loaded Objects now: 2199.
Total: 5.033000 ms (FindLiveObjects: 0.207800 ms CreateObjectMapping: 0.063400 ms MarkObjects: 4.729800 ms  DeleteObjects: 0.030200 ms)

========================================================================
Received Prepare
Registering precompiled user dll's ...
Registered in 0.006597 seconds.
Begin MonoManager ReloadAssembly
Native extension for WindowsStandalone target not found
Refreshing native plugins compatible for Editor in 0.78 ms, found 2 plugins.
Preloading 0 native plugins for Editor in 0.00 ms.
RefreshInfo: StopAssetImportingV2(NoUpdateAssetOptions) scanfilter: 
RefreshProfiler: Total: 0.000ms
Mono: successfully reloaded assembly
- Completed reload, in  1.480 seconds
Platform modules already initialized, skipping
Refreshing native plugins compatible for Editor in 0.74 ms, found 2 plugins.
Preloading 0 native plugins for Editor in 0.00 ms.
Unloading 804 Unused Serialized files (Serialized files now loaded: 0)
System memory in use before: 62.6 MB.
System memory in use after: 62.7 MB.

Unloading 90 unused Assets to reduce memory usage. Loaded Objects now: 2202.
Total: 4.167200 ms (FindLiveObjects: 0.156800 ms CreateObjectMapping: 0.056300 ms MarkObjects: 3.921600 ms  DeleteObjects: 0.031300 ms)

========================================================================
Received Prepare
Registering precompiled user dll's ...
Registered in 0.007499 seconds.
Begin MonoManager ReloadAssembly
Native extension for WindowsStandalone target not found
Refreshing native plugins compatible for Editor in 0.74 ms, found 2 plugins.
Preloading 0 native plugins for Editor in 0.00 ms.
RefreshInfo: StopAssetImportingV2(NoUpdateAssetOptions) scanfilter: 
RefreshProfiler: Total: 0.000ms
Mono: successfully reloaded assembly
- Completed reload, in  0.912 seconds
Platform modules already initialized, skipping
Refreshing native plugins compatible for Editor in 0.71 ms, found 2 plugins.
Preloading 0 native plugins for Editor in 0.00 ms.
Unloading 804 Unused Serialized files (Serialized files now loaded: 0)
System memory in use before: 62.6 MB.
System memory in use after: 62.7 MB.

Unloading 90 unused Assets to reduce memory usage. Loaded Objects now: 2205.
Total: 3.954500 ms (FindLiveObjects: 0.126300 ms CreateObjectMapping: 0.045200 ms MarkObjects: 3.756800 ms  DeleteObjects: 0.025300 ms)

========================================================================
Received Import Request.
  Time since last request: 182.792302 seconds.
  path: Assets/Models/Characters/MoveNew.anim
  artifactKey: Guid(f47274a6c7479534f8d26f202074853b) Importer(815301076,1909f56bfc062723c751e8b465ee728b)
Start importing Assets/Models/Characters/MoveNew.anim using Guid(f47274a6c7479534f8d26f202074853b) Importer(815301076,1909f56bfc062723c751e8b465ee728b)  -> (artifact id: '24ab4e292f98f48a0bf0b6d95ab83978') in 0.013785 seconds 
========================================================================
Received Prepare
Registering precompiled user dll's ...
Registered in 0.006676 seconds.
Begin MonoManager ReloadAssembly
Native extension for WindowsStandalone target not found
Refreshing native plugins compatible for Editor in 0.74 ms, found 2 plugins.
Preloading 0 native plugins for Editor in 0.00 ms.
RefreshInfo: StopAssetImportingV2(NoUpdateAssetOptions) scanfilter: 
RefreshProfiler: Total: 0.000ms
Mono: successfully reloaded assembly
- Completed reload, in  0.907 seconds
Platform modules already initialized, skipping
Refreshing native plugins compatible for Editor in 0.72 ms, found 2 plugins.
Preloading 0 native plugins for Editor in 0.00 ms.
Unloading 804 Unused Serialized files (Serialized files now loaded: 0)
System memory in use before: 62.6 MB.
System memory in use after: 62.7 MB.

Unloading 90 unused Assets to reduce memory usage. Loaded Objects now: 2208.
Total: 4.599000 ms (FindLiveObjects: 0.150500 ms CreateObjectMapping: 0.048600 ms MarkObjects: 4.369000 ms  DeleteObjects: 0.029800 ms)

========================================================================
Received Import Request.
  Time since last request: 174.323857 seconds.
  path: Assets/Models/Characters/Move.anim
  artifactKey: Guid(b6f0a5e0a156b1241a5f324da5a808d1) Importer(815301076,1909f56bfc062723c751e8b465ee728b)
Start importing Assets/Models/Characters/Move.anim using Guid(b6f0a5e0a156b1241a5f324da5a808d1) Importer(815301076,1909f56bfc062723c751e8b465ee728b)  -> (artifact id: 'e0fddb42e9d9efaf782d7daa3f95b83f') in 0.035121 seconds 
========================================================================
Received Import Request.
  Time since last request: 8.910542 seconds.
  path: Assets/Models/Characters/MoveNew.anim
  artifactKey: Guid(b6f0a5e0a156b1241a5f324da5a808d1) Importer(815301076,1909f56bfc062723c751e8b465ee728b)
Start importing Assets/Models/Characters/MoveNew.anim using Guid(b6f0a5e0a156b1241a5f324da5a808d1) Importer(815301076,1909f56bfc062723c751e8b465ee728b)  -> (artifact id: '6b2a02a4e9695562be99c0c1e7349ce9') in 0.015871 seconds 
========================================================================
Received Prepare
Registering precompiled user dll's ...
Registered in 0.006866 seconds.
Begin MonoManager ReloadAssembly
Native extension for WindowsStandalone target not found
Refreshing native plugins compatible for Editor in 0.75 ms, found 2 plugins.
Preloading 0 native plugins for Editor in 0.00 ms.
RefreshInfo: StopAssetImportingV2(NoUpdateAssetOptions) scanfilter: 
RefreshProfiler: Total: 0.000ms
Mono: successfully reloaded assembly
- Completed reload, in  0.924 seconds
Platform modules already initialized, skipping
Refreshing native plugins compatible for Editor in 0.72 ms, found 2 plugins.
Preloading 0 native plugins for Editor in 0.00 ms.
Unloading 804 Unused Serialized files (Serialized files now loaded: 0)
System memory in use before: 62.6 MB.
System memory in use after: 62.7 MB.

Unloading 90 unused Assets to reduce memory usage. Loaded Objects now: 2211.
Total: 4.091900 ms (FindLiveObjects: 0.143000 ms CreateObjectMapping: 0.048200 ms MarkObjects: 3.873900 ms  DeleteObjects: 0.026000 ms)

========================================================================
Received Import Request.
  Time since last request: 74.728301 seconds.
  path: Assets/Models/Characters/MoveNew.anim
  artifactKey: Guid(b6f0a5e0a156b1241a5f324da5a808d1) Importer(815301076,1909f56bfc062723c751e8b465ee728b)
Start importing Assets/Models/Characters/MoveNew.anim using Guid(b6f0a5e0a156b1241a5f324da5a808d1) Importer(815301076,1909f56bfc062723c751e8b465ee728b)  -> (artifact id: 'ec3bf5547ad18918fcccad30d55ef601') in 0.024271 seconds 
========================================================================
Received Import Request.
  Time since last request: 97.570873 seconds.
  path: Assets/Models/Characters/Player.fbx
  artifactKey: Guid(f1d84cc28597f5641a3d9cbc4df7e306) Importer(815301076,1909f56bfc062723c751e8b465ee728b)
Start importing Assets/Models/Characters/Player.fbx using Guid(f1d84cc28597f5641a3d9cbc4df7e306) Importer(815301076,1909f56bfc062723c751e8b465ee728b)  -> (artifact id: '2c8f6e50bf8eb259b01214fade98410c') in 0.098375 seconds 
========================================================================
Received Prepare
Registering precompiled user dll's ...
Registered in 0.006532 seconds.
Begin MonoManager ReloadAssembly
Native extension for WindowsStandalone target not found
Refreshing native plugins compatible for Editor in 0.74 ms, found 2 plugins.
Preloading 0 native plugins for Editor in 0.00 ms.
RefreshInfo: StopAssetImportingV2(NoUpdateAssetOptions) scanfilter: 
RefreshProfiler: Total: 0.000ms
Mono: successfully reloaded assembly
- Completed reload, in  0.926 seconds
Platform modules already initialized, skipping
Refreshing native plugins compatible for Editor in 0.73 ms, found 2 plugins.
Preloading 0 native plugins for Editor in 0.00 ms.
Unloading 804 Unused Serialized files (Serialized files now loaded: 0)
System memory in use before: 62.6 MB.
System memory in use after: 62.7 MB.

Unloading 90 unused Assets to reduce memory usage. Loaded Objects now: 2215.
Total: 4.073300 ms (FindLiveObjects: 0.141400 ms CreateObjectMapping: 0.051700 ms MarkObjects: 3.849900 ms  DeleteObjects: 0.029600 ms)

========================================================================
Received Import Request.
  Time since last request: 195.717852 seconds.
  path: Assets/Models/Characters/Player.fbx
  artifactKey: Guid(f1d84cc28597f5641a3d9cbc4df7e306) Importer(815301076,1909f56bfc062723c751e8b465ee728b)
Start importing Assets/Models/Characters/Player.fbx using Guid(f1d84cc28597f5641a3d9cbc4df7e306) Importer(815301076,1909f56bfc062723c751e8b465ee728b)  -> (artifact id: '63c5f018d513a39a6740d90b78900053') in 0.094361 seconds 
========================================================================
Received Prepare
Registering precompiled user dll's ...
Registered in 0.006783 seconds.
Begin MonoManager ReloadAssembly
Native extension for WindowsStandalone target not found
Refreshing native plugins compatible for Editor in 0.74 ms, found 2 plugins.
Preloading 0 native plugins for Editor in 0.00 ms.
RefreshInfo: StopAssetImportingV2(NoUpdateAssetOptions) scanfilter: 
RefreshProfiler: Total: 0.000ms
Mono: successfully reloaded assembly
- Completed reload, in  0.935 seconds
Platform modules already initialized, skipping
Refreshing native plugins compatible for Editor in 0.74 ms, found 2 plugins.
Preloading 0 native plugins for Editor in 0.00 ms.
Unloading 804 Unused Serialized files (Serialized files now loaded: 0)
System memory in use before: 62.6 MB.
System memory in use after: 62.7 MB.

Unloading 90 unused Assets to reduce memory usage. Loaded Objects now: 2219.
Total: 4.627300 ms (FindLiveObjects: 0.171900 ms CreateObjectMapping: 0.062000 ms MarkObjects: 4.362000 ms  DeleteObjects: 0.029000 ms)

========================================================================
Received Prepare
Registering precompiled user dll's ...
Registered in 0.021347 seconds.
Begin MonoManager ReloadAssembly
Native extension for WindowsStandalone target not found
Refreshing native plugins compatible for Editor in 0.74 ms, found 2 plugins.
Preloading 0 native plugins for Editor in 0.00 ms.
RefreshInfo: StopAssetImportingV2(NoUpdateAssetOptions) scanfilter: 
RefreshProfiler: Total: 0.000ms
Mono: successfully reloaded assembly
- Completed reload, in  1.317 seconds
Platform modules already initialized, skipping
Refreshing native plugins compatible for Editor in 0.94 ms, found 2 plugins.
Preloading 0 native plugins for Editor in 0.00 ms.
Unloading 804 Unused Serialized files (Serialized files now loaded: 0)
System memory in use before: 62.6 MB.
System memory in use after: 62.7 MB.

Unloading 90 unused Assets to reduce memory usage. Loaded Objects now: 2222.
Total: 5.580300 ms (FindLiveObjects: 0.170000 ms CreateObjectMapping: 0.063800 ms MarkObjects: 5.313500 ms  DeleteObjects: 0.031500 ms)

========================================================================
Received Prepare
Registering precompiled user dll's ...
Registered in 0.007158 seconds.
Begin MonoManager ReloadAssembly
Native extension for WindowsStandalone target not found
Refreshing native plugins compatible for Editor in 0.81 ms, found 2 plugins.
Preloading 0 native plugins for Editor in 0.00 ms.
RefreshInfo: StopAssetImportingV2(NoUpdateAssetOptions) scanfilter: 
RefreshProfiler: Total: 0.000ms
Mono: successfully reloaded assembly
- Completed reload, in  0.913 seconds
Platform modules already initialized, skipping
Refreshing native plugins compatible for Editor in 0.73 ms, found 2 plugins.
Preloading 0 native plugins for Editor in 0.00 ms.
Unloading 804 Unused Serialized files (Serialized files now loaded: 0)
System memory in use before: 62.6 MB.
System memory in use after: 62.8 MB.

Unloading 90 unused Assets to reduce memory usage. Loaded Objects now: 2225.
Total: 4.065300 ms (FindLiveObjects: 0.127700 ms CreateObjectMapping: 0.042100 ms MarkObjects: 3.861400 ms  DeleteObjects: 0.033300 ms)

========================================================================
Received Prepare
Registering precompiled user dll's ...
Registered in 0.007077 seconds.
Begin MonoManager ReloadAssembly
Native extension for WindowsStandalone target not found
Refreshing native plugins compatible for Editor in 0.74 ms, found 2 plugins.
Preloading 0 native plugins for Editor in 0.00 ms.
RefreshInfo: StopAssetImportingV2(NoUpdateAssetOptions) scanfilter: 
RefreshProfiler: Total: 0.000ms
Mono: successfully reloaded assembly
- Completed reload, in  0.909 seconds
Platform modules already initialized, skipping
Refreshing native plugins compatible for Editor in 0.73 ms, found 2 plugins.
Preloading 0 native plugins for Editor in 0.00 ms.
Unloading 804 Unused Serialized files (Serialized files now loaded: 0)
System memory in use before: 62.6 MB.
System memory in use after: 62.8 MB.

Unloading 90 unused Assets to reduce memory usage. Loaded Objects now: 2228.
Total: 4.022400 ms (FindLiveObjects: 0.161200 ms CreateObjectMapping: 0.049500 ms MarkObjects: 3.784400 ms  DeleteObjects: 0.026100 ms)

========================================================================
Received Prepare
Registering precompiled user dll's ...
Registered in 0.007128 seconds.
Begin MonoManager ReloadAssembly
Native extension for WindowsStandalone target not found
Refreshing native plugins compatible for Editor in 0.80 ms, found 2 plugins.
Preloading 0 native plugins for Editor in 0.00 ms.
RefreshInfo: StopAssetImportingV2(NoUpdateAssetOptions) scanfilter: 
RefreshProfiler: Total: 0.000ms
Mono: successfully reloaded assembly
- Completed reload, in  0.926 seconds
Platform modules already initialized, skipping
Refreshing native plugins compatible for Editor in 0.72 ms, found 2 plugins.
Preloading 0 native plugins for Editor in 0.00 ms.
Unloading 804 Unused Serialized files (Serialized files now loaded: 0)
System memory in use before: 62.7 MB.
System memory in use after: 62.8 MB.

Unloading 90 unused Assets to reduce memory usage. Loaded Objects now: 2231.
Total: 4.473600 ms (FindLiveObjects: 0.163700 ms CreateObjectMapping: 0.056000 ms MarkObjects: 4.225400 ms  DeleteObjects: 0.027700 ms)

========================================================================
Received Import Request.
  Time since last request: 538.281779 seconds.
  path: Assets/Models/Characters/Player.fbx
  artifactKey: Guid(f1d84cc28597f5641a3d9cbc4df7e306) Importer(815301076,1909f56bfc062723c751e8b465ee728b)
Start importing Assets/Models/Characters/Player.fbx using Guid(f1d84cc28597f5641a3d9cbc4df7e306) Importer(815301076,1909f56bfc062723c751e8b465ee728b)  -> (artifact id: 'be75dec138cb3696fa38ce069b38c68d') in 0.089456 seconds 
========================================================================
Received Import Request.
  Time since last request: 0.059474 seconds.
  path: Assets/Models/Characters/MoveNew.anim
  artifactKey: Guid(b6f0a5e0a156b1241a5f324da5a808d1) Importer(815301076,1909f56bfc062723c751e8b465ee728b)
Start importing Assets/Models/Characters/MoveNew.anim using Guid(b6f0a5e0a156b1241a5f324da5a808d1) Importer(815301076,1909f56bfc062723c751e8b465ee728b)  -> (artifact id: '2e5784203a5cb7d46060bc70da3a2682') in 0.020578 seconds 
========================================================================
Received Import Request.
  Time since last request: 34.874752 seconds.
  path: Assets/_CompletedAssets/Prefabs/ZomBear.prefab
  artifactKey: Guid(ea3c2728ef33e3a4d99527a86cda6465) Importer(815301076,1909f56bfc062723c751e8b465ee728b)
Start importing Assets/_CompletedAssets/Prefabs/ZomBear.prefab using Guid(ea3c2728ef33e3a4d99527a86cda6465) Importer(815301076,1909f56bfc062723c751e8b465ee728b)  -> (artifact id: '904df294b7cf83d77d77b464b2675411') in 0.039378 seconds 
========================================================================
Received Prepare
Registering precompiled user dll's ...
Registered in 0.006812 seconds.
Begin MonoManager ReloadAssembly
Native extension for WindowsStandalone target not found
Refreshing native plugins compatible for Editor in 0.74 ms, found 2 plugins.
Preloading 0 native plugins for Editor in 0.00 ms.
RefreshInfo: StopAssetImportingV2(NoUpdateAssetOptions) scanfilter: 
RefreshProfiler: Total: 0.000ms
Mono: successfully reloaded assembly
- Completed reload, in  0.910 seconds
Platform modules already initialized, skipping
Refreshing native plugins compatible for Editor in 0.83 ms, found 2 plugins.
Preloading 0 native plugins for Editor in 0.00 ms.
Unloading 804 Unused Serialized files (Serialized files now loaded: 0)
System memory in use before: 62.8 MB.
System memory in use after: 62.9 MB.

Unloading 90 unused Assets to reduce memory usage. Loaded Objects now: 2236.
Total: 3.986900 ms (FindLiveObjects: 0.126800 ms CreateObjectMapping: 0.043100 ms MarkObjects: 3.787500 ms  DeleteObjects: 0.028800 ms)

========================================================================
Received Import Request.
  Time since last request: 103.573018 seconds.
  path: Assets/_CompletedAssets/Prefabs/ZomBunny.prefab
  artifactKey: Guid(e5171f72421770240bd7c3989fe351e3) Importer(815301076,1909f56bfc062723c751e8b465ee728b)
Start importing Assets/_CompletedAssets/Prefabs/ZomBunny.prefab using Guid(e5171f72421770240bd7c3989fe351e3) Importer(815301076,1909f56bfc062723c751e8b465ee728b)  -> (artifact id: '9824948f3913eff98b70382540df821a') in 0.064767 seconds 
========================================================================
Received Import Request.
  Time since last request: 7.887291 seconds.
  path: Assets/_CompletedAssets/Prefabs/ZomBunny.prefab
  artifactKey: Guid(e5171f72421770240bd7c3989fe351e3) Importer(815301076,1909f56bfc062723c751e8b465ee728b)
Start importing Assets/_CompletedAssets/Prefabs/ZomBunny.prefab using Guid(e5171f72421770240bd7c3989fe351e3) Importer(815301076,1909f56bfc062723c751e8b465ee728b)  -> (artifact id: 'ae9fcda90b9826a10010ae8ad6ea50b9') in 0.029596 seconds 
========================================================================
Received Import Request.
  Time since last request: 7.005459 seconds.
  path: Assets/_CompletedAssets/Prefabs/Hellephant.prefab
  artifactKey: Guid(548c56f4bcf4db24b8aa057e9846a005) Importer(815301076,1909f56bfc062723c751e8b465ee728b)
Start importing Assets/_CompletedAssets/Prefabs/Hellephant.prefab using Guid(548c56f4bcf4db24b8aa057e9846a005) Importer(815301076,1909f56bfc062723c751e8b465ee728b)  -> (artifact id: '953bd87faa4427fb5825f5ff1c1ca9aa') in 0.025536 seconds 
========================================================================
Received Prepare
Registering precompiled user dll's ...
Registered in 0.006981 seconds.
Begin MonoManager ReloadAssembly
Native extension for WindowsStandalone target not found
Refreshing native plugins compatible for Editor in 1.03 ms, found 2 plugins.
Preloading 0 native plugins for Editor in 0.00 ms.
RefreshInfo: StopAssetImportingV2(NoUpdateAssetOptions) scanfilter: 
RefreshProfiler: Total: 0.000ms
Mono: successfully reloaded assembly
- Completed reload, in  1.114 seconds
Platform modules already initialized, skipping
Refreshing native plugins compatible for Editor in 0.86 ms, found 2 plugins.
Preloading 0 native plugins for Editor in 0.00 ms.
Unloading 804 Unused Serialized files (Serialized files now loaded: 0)
System memory in use before: 62.8 MB.
System memory in use after: 62.9 MB.

Unloading 90 unused Assets to reduce memory usage. Loaded Objects now: 2240.
Total: 4.766300 ms (FindLiveObjects: 0.138700 ms CreateObjectMapping: 0.049900 ms MarkObjects: 4.543300 ms  DeleteObjects: 0.032900 ms)

========================================================================
Received Prepare
Registering precompiled user dll's ...
Registered in 0.006813 seconds.
Begin MonoManager ReloadAssembly
Native extension for WindowsStandalone target not found
Refreshing native plugins compatible for Editor in 0.74 ms, found 2 plugins.
Preloading 0 native plugins for Editor in 0.00 ms.
RefreshInfo: StopAssetImportingV2(NoUpdateAssetOptions) scanfilter: 
RefreshProfiler: Total: 0.000ms
Mono: successfully reloaded assembly
- Completed reload, in  0.933 seconds
Platform modules already initialized, skipping
Refreshing native plugins compatible for Editor in 0.73 ms, found 2 plugins.
Preloading 0 native plugins for Editor in 0.00 ms.
Unloading 804 Unused Serialized files (Serialized files now loaded: 0)
System memory in use before: 62.8 MB.
System memory in use after: 62.9 MB.

Unloading 90 unused Assets to reduce memory usage. Loaded Objects now: 2243.
Total: 4.278800 ms (FindLiveObjects: 0.173300 ms CreateObjectMapping: 0.062200 ms MarkObjects: 4.012600 ms  DeleteObjects: 0.030000 ms)

========================================================================
Received Prepare
Registering precompiled user dll's ...
Registered in 0.006678 seconds.
Begin MonoManager ReloadAssembly
Native extension for WindowsStandalone target not found
Refreshing native plugins compatible for Editor in 0.75 ms, found 2 plugins.
Preloading 0 native plugins for Editor in 0.00 ms.
RefreshInfo: StopAssetImportingV2(NoUpdateAssetOptions) scanfilter: 
RefreshProfiler: Total: 0.000ms
Mono: successfully reloaded assembly
- Completed reload, in  1.072 seconds
Platform modules already initialized, skipping
Refreshing native plugins compatible for Editor in 0.83 ms, found 2 plugins.
Preloading 0 native plugins for Editor in 0.00 ms.
Unloading 804 Unused Serialized files (Serialized files now loaded: 0)
System memory in use before: 62.8 MB.
System memory in use after: 62.9 MB.

Unloading 90 unused Assets to reduce memory usage. Loaded Objects now: 2246.
Total: 5.326300 ms (FindLiveObjects: 0.170200 ms CreateObjectMapping: 0.056400 ms MarkObjects: 5.064100 ms  DeleteObjects: 0.034300 ms)

========================================================================
Received Prepare
Registering precompiled user dll's ...
Registered in 0.008129 seconds.
Begin MonoManager ReloadAssembly
Native extension for WindowsStandalone target not found
Refreshing native plugins compatible for Editor in 0.82 ms, found 2 plugins.
Preloading 0 native plugins for Editor in 0.00 ms.
RefreshInfo: StopAssetImportingV2(NoUpdateAssetOptions) scanfilter: 
RefreshProfiler: Total: 0.000ms
Mono: successfully reloaded assembly
- Completed reload, in  1.153 seconds
Platform modules already initialized, skipping
Refreshing native plugins compatible for Editor in 0.78 ms, found 2 plugins.
Preloading 0 native plugins for Editor in 0.00 ms.
Unloading 804 Unused Serialized files (Serialized files now loaded: 0)
System memory in use before: 62.8 MB.
System memory in use after: 62.9 MB.

Unloading 90 unused Assets to reduce memory usage. Loaded Objects now: 2249.
Total: 5.989100 ms (FindLiveObjects: 0.171700 ms CreateObjectMapping: 0.057200 ms MarkObjects: 5.713800 ms  DeleteObjects: 0.045300 ms)

========================================================================
Received Prepare
Registering precompiled user dll's ...
Registered in 0.008052 seconds.
Begin MonoManager ReloadAssembly
Native extension for WindowsStandalone target not found
Refreshing native plugins compatible for Editor in 0.74 ms, found 2 plugins.
Preloading 0 native plugins for Editor in 0.00 ms.
RefreshInfo: StopAssetImportingV2(NoUpdateAssetOptions) scanfilter: 
RefreshProfiler: Total: 0.000ms
Mono: successfully reloaded assembly
- Completed reload, in  1.193 seconds
Platform modules already initialized, skipping
Refreshing native plugins compatible for Editor in 0.72 ms, found 2 plugins.
Preloading 0 native plugins for Editor in 0.00 ms.
Unloading 804 Unused Serialized files (Serialized files now loaded: 0)
System memory in use before: 62.8 MB.
System memory in use after: 62.9 MB.

Unloading 90 unused Assets to reduce memory usage. Loaded Objects now: 2252.
Total: 3.963600 ms (FindLiveObjects: 0.137500 ms CreateObjectMapping: 0.042700 ms MarkObjects: 3.756000 ms  DeleteObjects: 0.026200 ms)

========================================================================
Received Prepare
Registering precompiled user dll's ...
Registered in 0.006571 seconds.
Begin MonoManager ReloadAssembly
Native extension for WindowsStandalone target not found
Refreshing native plugins compatible for Editor in 0.74 ms, found 2 plugins.
Preloading 0 native plugins for Editor in 0.00 ms.
RefreshInfo: StopAssetImportingV2(NoUpdateAssetOptions) scanfilter: 
RefreshProfiler: Total: 0.000ms
Mono: successfully reloaded assembly
- Completed reload, in  0.902 seconds
Platform modules already initialized, skipping
Refreshing native plugins compatible for Editor in 0.73 ms, found 2 plugins.
Preloading 0 native plugins for Editor in 0.00 ms.
Unloading 804 Unused Serialized files (Serialized files now loaded: 0)
System memory in use before: 62.8 MB.
System memory in use after: 62.9 MB.

Unloading 90 unused Assets to reduce memory usage. Loaded Objects now: 2255.
Total: 4.052700 ms (FindLiveObjects: 0.142600 ms CreateObjectMapping: 0.051800 ms MarkObjects: 3.830100 ms  DeleteObjects: 0.027000 ms)

========================================================================
Received Import Request.
  Time since last request: 2169.169524 seconds.
  path: Assets/_CompletedAssets/Animation/EnemyAnimatorController.controller
  artifactKey: Guid(2cd6bf77cac24414c8e134b0c0e7aed3) Importer(815301076,1909f56bfc062723c751e8b465ee728b)
Start importing Assets/_CompletedAssets/Animation/EnemyAnimatorController.controller using Guid(2cd6bf77cac24414c8e134b0c0e7aed3) Importer(815301076,1909f56bfc062723c751e8b465ee728b)  -> (artifact id: '9683bfcf9e63e3d7b1c2b3fb6eb3cd7d') in 0.016799 seconds 
========================================================================
Received Import Request.
  Time since last request: 7.144396 seconds.
  path: Assets/Models/Characters/Zombunny.fbx
  artifactKey: Guid(be66986effd141b4992d2d78be127139) Importer(815301076,1909f56bfc062723c751e8b465ee728b)
Start importing Assets/Models/Characters/Zombunny.fbx using Guid(be66986effd141b4992d2d78be127139) Importer(815301076,1909f56bfc062723c751e8b465ee728b)  -> (artifact id: '11fe65c4db0ee6b12fd27be5ac7a7e64') in 0.075647 seconds 
========================================================================
Received Import Request.
  Time since last request: 1.042769 seconds.
  path: Assets/Models/Characters/Move.anim
  artifactKey: Guid(22887a9303cd4e1499bad7ba2bed7a56) Importer(815301076,1909f56bfc062723c751e8b465ee728b)
Start importing Assets/Models/Characters/Move.anim using Guid(22887a9303cd4e1499bad7ba2bed7a56) Importer(815301076,1909f56bfc062723c751e8b465ee728b)  -> (artifact id: '306d460c0ab7fbb53923b909bde58e07') in 0.010809 seconds 
========================================================================
Received Import Request.
  Time since last request: 8.619216 seconds.
  path: Assets/Models/Characters/MoveZomBunny.anim
  artifactKey: Guid(22887a9303cd4e1499bad7ba2bed7a56) Importer(815301076,1909f56bfc062723c751e8b465ee728b)
Start importing Assets/Models/Characters/MoveZomBunny.anim using Guid(22887a9303cd4e1499bad7ba2bed7a56) Importer(815301076,1909f56bfc062723c751e8b465ee728b)  -> (artifact id: '6ce95a0db986cec41e3e75fcdd5bd152') in 0.014350 seconds 
========================================================================
Received Import Request.
  Time since last request: 9.653866 seconds.
  path: Assets/Models/Characters/MoveZomBunny.anim
  artifactKey: Guid(22887a9303cd4e1499bad7ba2bed7a56) Importer(815301076,1909f56bfc062723c751e8b465ee728b)
Start importing Assets/Models/Characters/MoveZomBunny.anim using Guid(22887a9303cd4e1499bad7ba2bed7a56) Importer(815301076,1909f56bfc062723c751e8b465ee728b)  -> (artifact id: '34bf8302ac82d70d73fb6afced941cd9') in 0.011085 seconds 
========================================================================
Received Prepare
Registering precompiled user dll's ...
Registered in 0.006877 seconds.
Begin MonoManager ReloadAssembly
Native extension for WindowsStandalone target not found
Refreshing native plugins compatible for Editor in 0.81 ms, found 2 plugins.
Preloading 0 native plugins for Editor in 0.00 ms.
RefreshInfo: StopAssetImportingV2(NoUpdateAssetOptions) scanfilter: 
RefreshProfiler: Total: 0.000ms
Mono: successfully reloaded assembly
- Completed reload, in  0.922 seconds
Platform modules already initialized, skipping
Refreshing native plugins compatible for Editor in 0.79 ms, found 2 plugins.
Preloading 0 native plugins for Editor in 0.00 ms.
Unloading 804 Unused Serialized files (Serialized files now loaded: 0)
System memory in use before: 62.8 MB.
System memory in use after: 62.9 MB.

Unloading 90 unused Assets to reduce memory usage. Loaded Objects now: 2259.
Total: 4.426500 ms (FindLiveObjects: 0.137700 ms CreateObjectMapping: 0.043600 ms MarkObjects: 4.215900 ms  DeleteObjects: 0.027900 ms)

========================================================================
Received Prepare
Registering precompiled user dll's ...
Registered in 0.006937 seconds.
Begin MonoManager ReloadAssembly
Native extension for WindowsStandalone target not found
Refreshing native plugins compatible for Editor in 0.86 ms, found 2 plugins.
Preloading 0 native plugins for Editor in 0.00 ms.
RefreshInfo: StopAssetImportingV2(NoUpdateAssetOptions) scanfilter: 
RefreshProfiler: Total: 0.000ms
Mono: successfully reloaded assembly
- Completed reload, in  1.020 seconds
Platform modules already initialized, skipping
Refreshing native plugins compatible for Editor in 1.07 ms, found 2 plugins.
Preloading 0 native plugins for Editor in 0.00 ms.
Unloading 804 Unused Serialized files (Serialized files now loaded: 0)
System memory in use before: 62.8 MB.
System memory in use after: 62.9 MB.

Unloading 90 unused Assets to reduce memory usage. Loaded Objects now: 2262.
Total: 5.348100 ms (FindLiveObjects: 0.169200 ms CreateObjectMapping: 0.056300 ms MarkObjects: 5.090800 ms  DeleteObjects: 0.029600 ms)

========================================================================
Received Prepare
Registering precompiled user dll's ...
Registered in 0.008779 seconds.
Begin MonoManager ReloadAssembly
Native extension for WindowsStandalone target not found
Refreshing native plugins compatible for Editor in 0.75 ms, found 2 plugins.
Preloading 0 native plugins for Editor in 0.00 ms.
RefreshInfo: StopAssetImportingV2(NoUpdateAssetOptions) scanfilter: 
RefreshProfiler: Total: 0.000ms
Mono: successfully reloaded assembly
- Completed reload, in  1.001 seconds
Platform modules already initialized, skipping
Refreshing native plugins compatible for Editor in 0.76 ms, found 2 plugins.
Preloading 0 native plugins for Editor in 0.00 ms.
Unloading 804 Unused Serialized files (Serialized files now loaded: 0)
System memory in use before: 62.8 MB.
System memory in use after: 62.9 MB.

Unloading 90 unused Assets to reduce memory usage. Loaded Objects now: 2265.
Total: 4.630200 ms (FindLiveObjects: 0.273200 ms CreateObjectMapping: 0.114400 ms MarkObjects: 4.214000 ms  DeleteObjects: 0.027100 ms)

========================================================================
Received Prepare
Registering precompiled user dll's ...
Registered in 0.006783 seconds.
Begin MonoManager ReloadAssembly
Native extension for WindowsStandalone target not found
Refreshing native plugins compatible for Editor in 0.76 ms, found 2 plugins.
Preloading 0 native plugins for Editor in 0.00 ms.
RefreshInfo: StopAssetImportingV2(NoUpdateAssetOptions) scanfilter: 
RefreshProfiler: Total: 0.000ms
Mono: successfully reloaded assembly
- Completed reload, in  0.989 seconds
Platform modules already initialized, skipping
Refreshing native plugins compatible for Editor in 0.81 ms, found 2 plugins.
Preloading 0 native plugins for Editor in 0.00 ms.
Unloading 804 Unused Serialized files (Serialized files now loaded: 0)
System memory in use before: 62.8 MB.
System memory in use after: 62.9 MB.

Unloading 90 unused Assets to reduce memory usage. Loaded Objects now: 2268.
Total: 4.576600 ms (FindLiveObjects: 0.213000 ms CreateObjectMapping: 0.069100 ms MarkObjects: 4.258000 ms  DeleteObjects: 0.034900 ms)

========================================================================
Received Prepare
Registering precompiled user dll's ...
Registered in 0.008273 seconds.
Begin MonoManager ReloadAssembly
Native extension for WindowsStandalone target not found
Refreshing native plugins compatible for Editor in 0.85 ms, found 2 plugins.
Preloading 0 native plugins for Editor in 0.00 ms.
RefreshInfo: StopAssetImportingV2(NoUpdateAssetOptions) scanfilter: 
RefreshProfiler: Total: 0.000ms
Mono: successfully reloaded assembly
- Completed reload, in  1.049 seconds
Platform modules already initialized, skipping
Refreshing native plugins compatible for Editor in 0.75 ms, found 2 plugins.
Preloading 0 native plugins for Editor in 0.00 ms.
Unloading 804 Unused Serialized files (Serialized files now loaded: 0)
System memory in use before: 62.8 MB.
System memory in use after: 62.9 MB.

Unloading 90 unused Assets to reduce memory usage. Loaded Objects now: 2271.
Total: 5.180800 ms (FindLiveObjects: 0.194600 ms CreateObjectMapping: 0.087400 ms MarkObjects: 4.868900 ms  DeleteObjects: 0.028600 ms)

========================================================================
Received Prepare
Registering precompiled user dll's ...
Registered in 0.008840 seconds.
Begin MonoManager ReloadAssembly
Native extension for WindowsStandalone target not found
Refreshing native plugins compatible for Editor in 0.76 ms, found 2 plugins.
Preloading 0 native plugins for Editor in 0.00 ms.
RefreshInfo: StopAssetImportingV2(NoUpdateAssetOptions) scanfilter: 
RefreshProfiler: Total: 0.000ms
Mono: successfully reloaded assembly
- Completed reload, in  1.169 seconds
Platform modules already initialized, skipping
Refreshing native plugins compatible for Editor in 0.80 ms, found 2 plugins.
Preloading 0 native plugins for Editor in 0.00 ms.
Unloading 804 Unused Serialized files (Serialized files now loaded: 0)
System memory in use before: 62.8 MB.
System memory in use after: 63.0 MB.

Unloading 90 unused Assets to reduce memory usage. Loaded Objects now: 2274.
Total: 5.816000 ms (FindLiveObjects: 0.151600 ms CreateObjectMapping: 0.163300 ms MarkObjects: 5.470800 ms  DeleteObjects: 0.028900 ms)

========================================================================
Received Prepare
Registering precompiled user dll's ...
Registered in 0.008761 seconds.
Begin MonoManager ReloadAssembly
Native extension for WindowsStandalone target not found
Refreshing native plugins compatible for Editor in 0.77 ms, found 2 plugins.
Preloading 0 native plugins for Editor in 0.00 ms.
RefreshInfo: StopAssetImportingV2(NoUpdateAssetOptions) scanfilter: 
RefreshProfiler: Total: 0.000ms
Mono: successfully reloaded assembly
- Completed reload, in  1.129 seconds
Platform modules already initialized, skipping
Refreshing native plugins compatible for Editor in 0.96 ms, found 2 plugins.
Preloading 0 native plugins for Editor in 0.00 ms.
Unloading 804 Unused Serialized files (Serialized files now loaded: 0)
System memory in use before: 62.8 MB.
System memory in use after: 63.0 MB.

Unloading 90 unused Assets to reduce memory usage. Loaded Objects now: 2277.
Total: 5.002800 ms (FindLiveObjects: 0.215800 ms CreateObjectMapping: 0.092000 ms MarkObjects: 4.663600 ms  DeleteObjects: 0.030300 ms)

========================================================================
Received Prepare
Registering precompiled user dll's ...
Registered in 0.006752 seconds.
Begin MonoManager ReloadAssembly
Native extension for WindowsStandalone target not found
Refreshing native plugins compatible for Editor in 0.75 ms, found 2 plugins.
Preloading 0 native plugins for Editor in 0.00 ms.
RefreshInfo: StopAssetImportingV2(NoUpdateAssetOptions) scanfilter: 
RefreshProfiler: Total: 0.000ms
Mono: successfully reloaded assembly
- Completed reload, in  0.917 seconds
Platform modules already initialized, skipping
Refreshing native plugins compatible for Editor in 0.72 ms, found 2 plugins.
Preloading 0 native plugins for Editor in 0.00 ms.
Unloading 804 Unused Serialized files (Serialized files now loaded: 0)
System memory in use before: 62.9 MB.
System memory in use after: 63.0 MB.

Unloading 90 unused Assets to reduce memory usage. Loaded Objects now: 2280.
Total: 4.148700 ms (FindLiveObjects: 0.191400 ms CreateObjectMapping: 0.065000 ms MarkObjects: 3.864800 ms  DeleteObjects: 0.026300 ms)

========================================================================
Received Import Request.
  Time since last request: 1022.823711 seconds.
  path: Assets/_CompletedAssets/Animation/EnemyAnimatorController.controller
  artifactKey: Guid(2cd6bf77cac24414c8e134b0c0e7aed3) Importer(815301076,1909f56bfc062723c751e8b465ee728b)
Start importing Assets/_CompletedAssets/Animation/EnemyAnimatorController.controller using Guid(2cd6bf77cac24414c8e134b0c0e7aed3) Importer(815301076,1909f56bfc062723c751e8b465ee728b)  -> (artifact id: 'fc48a97aeee68569a499900b3efc90e6') in 0.020009 seconds 
========================================================================
Received Import Request.
  Time since last request: 6.542085 seconds.
  path: Assets/_CompletedAssets/Animation/GameOverClip.anim
  artifactKey: Guid(4e9615679c1146042862da1d19dca184) Importer(815301076,1909f56bfc062723c751e8b465ee728b)
Start importing Assets/_CompletedAssets/Animation/GameOverClip.anim using Guid(4e9615679c1146042862da1d19dca184) Importer(815301076,1909f56bfc062723c751e8b465ee728b)  -> (artifact id: '8594feafc3cbc2940c265533cb501643') in 0.007218 seconds 
========================================================================
Received Import Request.
  Time since last request: 11.181080 seconds.
  path: Assets/_CompletedAssets/Animation/EnemyAnimatorController 1.controller
  artifactKey: Guid(88a78610d5f89d34a8a11419b6a3ad41) Importer(815301076,1909f56bfc062723c751e8b465ee728b)
Start importing Assets/_CompletedAssets/Animation/EnemyAnimatorController 1.controller using Guid(88a78610d5f89d34a8a11419b6a3ad41) Importer(815301076,1909f56bfc062723c751e8b465ee728b)  -> (artifact id: '4dbc9e90fb60a0cb69b0e77213b88873') in 0.016342 seconds 
========================================================================
Received Import Request.
  Time since last request: 9.105506 seconds.
  path: Assets/_CompletedAssets/Animation/ElephantAnimatorController.controller
  artifactKey: Guid(88a78610d5f89d34a8a11419b6a3ad41) Importer(815301076,1909f56bfc062723c751e8b465ee728b)
Start importing Assets/_CompletedAssets/Animation/ElephantAnimatorController.controller using Guid(88a78610d5f89d34a8a11419b6a3ad41) Importer(815301076,1909f56bfc062723c751e8b465ee728b)  -> (artifact id: 'f179cdde18cc29a036e9975bf06b02dc') in 0.016221 seconds 
========================================================================
Received Import Request.
  Time since last request: 26.358946 seconds.
  path: Assets/Models/Characters/MoveZomBunny.anim
  artifactKey: Guid(22887a9303cd4e1499bad7ba2bed7a56) Importer(815301076,1909f56bfc062723c751e8b465ee728b)
Start importing Assets/Models/Characters/MoveZomBunny.anim using Guid(22887a9303cd4e1499bad7ba2bed7a56) Importer(815301076,1909f56bfc062723c751e8b465ee728b)  -> (artifact id: '93511ebd0be5cebc03af9c2e91a6c719') in 0.011324 seconds 
========================================================================
Received Import Request.
  Time since last request: 0.561909 seconds.
  path: Assets/Models/Characters/MoveZomBunny 1.anim
  artifactKey: Guid(ee521c8b2dad0fa43bd39c6066232bab) Importer(815301076,1909f56bfc062723c751e8b465ee728b)
Start importing Assets/Models/Characters/MoveZomBunny 1.anim using Guid(ee521c8b2dad0fa43bd39c6066232bab) Importer(815301076,1909f56bfc062723c751e8b465ee728b)  -> (artifact id: '396f016e8eefcd5b031922619064dfdb') in 0.014769 seconds 
========================================================================
Received Import Request.
  Time since last request: 8.598615 seconds.
  path: Assets/Models/Characters/MoveElephant.anim
  artifactKey: Guid(ee521c8b2dad0fa43bd39c6066232bab) Importer(815301076,1909f56bfc062723c751e8b465ee728b)
Start importing Assets/Models/Characters/MoveElephant.anim using Guid(ee521c8b2dad0fa43bd39c6066232bab) Importer(815301076,1909f56bfc062723c751e8b465ee728b)  -> (artifact id: '9f17a9c958568109977c016d0cec329c') in 0.014832 seconds 
========================================================================
Received Import Request.
  Time since last request: 52.661255 seconds.
  path: Assets/_CompletedAssets/Animation/ElephantAnimatorController.controller
  artifactKey: Guid(88a78610d5f89d34a8a11419b6a3ad41) Importer(815301076,1909f56bfc062723c751e8b465ee728b)
Start importing Assets/_CompletedAssets/Animation/ElephantAnimatorController.controller using Guid(88a78610d5f89d34a8a11419b6a3ad41) Importer(815301076,1909f56bfc062723c751e8b465ee728b)  -> (artifact id: 'b44d4ac453cb0e96d83fbd3ec1789c79') in 0.012894 seconds 
========================================================================
Received Import Request.
  Time since last request: 16.975142 seconds.
  path: Assets/_CompletedAssets/Animation/HellephantAnimatorOverrideController.overrideController
  artifactKey: Guid(19b1058b58d5e314bb115a937b9bcf48) Importer(815301076,1909f56bfc062723c751e8b465ee728b)
Start importing Assets/_CompletedAssets/Animation/HellephantAnimatorOverrideController.overrideController using Guid(19b1058b58d5e314bb115a937b9bcf48) Importer(815301076,1909f56bfc062723c751e8b465ee728b)  -> (artifact id: '03a8419ca364f1510609017d2ecfa99d') in 0.019072 seconds 
========================================================================
Received Import Request.
  Time since last request: 29.832269 seconds.
  path: Assets/_CompletedAssets/Animation/EnemyAnimatorController.controller
  artifactKey: Guid(2cd6bf77cac24414c8e134b0c0e7aed3) Importer(815301076,1909f56bfc062723c751e8b465ee728b)
Start importing Assets/_CompletedAssets/Animation/EnemyAnimatorController.controller using Guid(2cd6bf77cac24414c8e134b0c0e7aed3) Importer(815301076,1909f56bfc062723c751e8b465ee728b)  -> (artifact id: 'b6339f4113e1df8ca4747c9e36f3946d') in 0.012952 seconds 
========================================================================
Received Prepare
Registering precompiled user dll's ...
Registered in 0.008216 seconds.
Begin MonoManager ReloadAssembly
Native extension for WindowsStandalone target not found
Refreshing native plugins compatible for Editor in 0.83 ms, found 2 plugins.
Preloading 0 native plugins for Editor in 0.00 ms.
RefreshInfo: StopAssetImportingV2(NoUpdateAssetOptions) scanfilter: 
RefreshProfiler: Total: 0.000ms
Mono: successfully reloaded assembly
- Completed reload, in  1.148 seconds
Platform modules already initialized, skipping
Refreshing native plugins compatible for Editor in 1.02 ms, found 2 plugins.
Preloading 0 native plugins for Editor in 0.00 ms.
Unloading 804 Unused Serialized files (Serialized files now loaded: 0)
System memory in use before: 62.9 MB.
System memory in use after: 63.0 MB.

Unloading 90 unused Assets to reduce memory usage. Loaded Objects now: 2283.
Total: 5.672700 ms (FindLiveObjects: 0.398900 ms CreateObjectMapping: 0.244100 ms MarkObjects: 4.993000 ms  DeleteObjects: 0.035300 ms)

========================================================================
Received Import Request.
  Time since last request: 31.148899 seconds.
  path: Assets/_CompletedAssets/Prefabs/ZomBear.prefab
  artifactKey: Guid(ea3c2728ef33e3a4d99527a86cda6465) Importer(815301076,1909f56bfc062723c751e8b465ee728b)
Start importing Assets/_CompletedAssets/Prefabs/ZomBear.prefab using Guid(ea3c2728ef33e3a4d99527a86cda6465) Importer(815301076,1909f56bfc062723c751e8b465ee728b)  -> (artifact id: '91a6c883d38c37bbb16682d4c3f3e369') in 0.076838 seconds 
========================================================================
Received Import Request.
  Time since last request: 50.322748 seconds.
  path: Assets/Models/Characters/MoveElephant.anim
  artifactKey: Guid(ee521c8b2dad0fa43bd39c6066232bab) Importer(815301076,1909f56bfc062723c751e8b465ee728b)
Start importing Assets/Models/Characters/MoveElephant.anim using Guid(ee521c8b2dad0fa43bd39c6066232bab) Importer(815301076,1909f56bfc062723c751e8b465ee728b)  -> (artifact id: 'ce1a918273b1f371c9494071db004ca9') in 0.011150 seconds 
========================================================================
Received Import Request.
  Time since last request: 3.689667 seconds.
  path: Assets/Models/Characters/MoveZomBunny.anim
  artifactKey: Guid(22887a9303cd4e1499bad7ba2bed7a56) Importer(815301076,1909f56bfc062723c751e8b465ee728b)
Start importing Assets/Models/Characters/MoveZomBunny.anim using Guid(22887a9303cd4e1499bad7ba2bed7a56) Importer(815301076,1909f56bfc062723c751e8b465ee728b)  -> (artifact id: '5b017bb068ab811d54656ba83c0bbf16') in 0.011419 seconds 
========================================================================
Received Prepare
Registering precompiled user dll's ...
Registered in 0.006896 seconds.
Begin MonoManager ReloadAssembly
Native extension for WindowsStandalone target not found
Refreshing native plugins compatible for Editor in 0.74 ms, found 2 plugins.
Preloading 0 native plugins for Editor in 0.00 ms.
RefreshInfo: StopAssetImportingV2(NoUpdateAssetOptions) scanfilter: 
RefreshProfiler: Total: 0.000ms
Mono: successfully reloaded assembly
- Completed reload, in  0.909 seconds
Platform modules already initialized, skipping
Refreshing native plugins compatible for Editor in 0.73 ms, found 2 plugins.
Preloading 0 native plugins for Editor in 0.00 ms.
Unloading 804 Unused Serialized files (Serialized files now loaded: 0)
System memory in use before: 62.9 MB.
System memory in use after: 63.0 MB.

Unloading 90 unused Assets to reduce memory usage. Loaded Objects now: 2287.
Total: 4.119000 ms (FindLiveObjects: 0.160800 ms CreateObjectMapping: 0.065000 ms MarkObjects: 3.864400 ms  DeleteObjects: 0.028000 ms)

========================================================================
Received Import Request.
  Time since last request: 124.220577 seconds.
  path: Assets/_CompletedAssets/Animation/EnemyAnimatorController.controller
  artifactKey: Guid(2cd6bf77cac24414c8e134b0c0e7aed3) Importer(815301076,1909f56bfc062723c751e8b465ee728b)
Start importing Assets/_CompletedAssets/Animation/EnemyAnimatorController.controller using Guid(2cd6bf77cac24414c8e134b0c0e7aed3) Importer(815301076,1909f56bfc062723c751e8b465ee728b)  -> (artifact id: 'ff1011b41ac914001c76e66f00b9734f') in 0.021685 seconds 
========================================================================
Received Prepare
Registering precompiled user dll's ...
Registered in 0.006724 seconds.
Begin MonoManager ReloadAssembly
Native extension for WindowsStandalone target not found
Refreshing native plugins compatible for Editor in 0.75 ms, found 2 plugins.
Preloading 0 native plugins for Editor in 0.00 ms.
RefreshInfo: StopAssetImportingV2(NoUpdateAssetOptions) scanfilter: 
RefreshProfiler: Total: 0.000ms
Mono: successfully reloaded assembly
- Completed reload, in  0.933 seconds
Platform modules already initialized, skipping
Refreshing native plugins compatible for Editor in 0.73 ms, found 2 plugins.
Preloading 0 native plugins for Editor in 0.00 ms.
Unloading 804 Unused Serialized files (Serialized files now loaded: 0)
System memory in use before: 62.9 MB.
System memory in use after: 63.0 MB.

Unloading 90 unused Assets to reduce memory usage. Loaded Objects now: 2290.
Total: 4.194500 ms (FindLiveObjects: 0.248900 ms CreateObjectMapping: 0.058100 ms MarkObjects: 3.859600 ms  DeleteObjects: 0.026100 ms)

========================================================================
Received Prepare
Registering precompiled user dll's ...
Registered in 0.006925 seconds.
Begin MonoManager ReloadAssembly
Native extension for WindowsStandalone target not found
Refreshing native plugins compatible for Editor in 0.76 ms, found 2 plugins.
Preloading 0 native plugins for Editor in 0.00 ms.
RefreshInfo: StopAssetImportingV2(NoUpdateAssetOptions) scanfilter: 
RefreshProfiler: Total: 0.000ms
Mono: successfully reloaded assembly
- Completed reload, in  0.900 seconds
Platform modules already initialized, skipping
Refreshing native plugins compatible for Editor in 0.72 ms, found 2 plugins.
Preloading 0 native plugins for Editor in 0.00 ms.
Unloading 804 Unused Serialized files (Serialized files now loaded: 0)
System memory in use before: 62.9 MB.
System memory in use after: 63.0 MB.

Unloading 90 unused Assets to reduce memory usage. Loaded Objects now: 2293.
Total: 4.100500 ms (FindLiveObjects: 0.162900 ms CreateObjectMapping: 0.061600 ms MarkObjects: 3.846900 ms  DeleteObjects: 0.028500 ms)

========================================================================
Received Prepare
Registering precompiled user dll's ...
Registered in 0.008609 seconds.
Begin MonoManager ReloadAssembly
Native extension for WindowsStandalone target not found
Refreshing native plugins compatible for Editor in 1.17 ms, found 2 plugins.
Preloading 0 native plugins for Editor in 0.00 ms.
RefreshInfo: StopAssetImportingV2(NoUpdateAssetOptions) scanfilter: 
RefreshProfiler: Total: 0.000ms
Mono: successfully reloaded assembly
- Completed reload, in  1.147 seconds
Platform modules already initialized, skipping
Refreshing native plugins compatible for Editor in 0.81 ms, found 2 plugins.
Preloading 0 native plugins for Editor in 0.00 ms.
Unloading 804 Unused Serialized files (Serialized files now loaded: 0)
System memory in use before: 62.9 MB.
System memory in use after: 63.0 MB.

Unloading 90 unused Assets to reduce memory usage. Loaded Objects now: 2296.
Total: 6.053600 ms (FindLiveObjects: 0.168100 ms CreateObjectMapping: 0.050800 ms MarkObjects: 5.797100 ms  DeleteObjects: 0.036500 ms)

========================================================================
Received Import Request.
  Time since last request: 237.081413 seconds.
  path: Assets/Models/Characters/Death.anim
  artifactKey: Guid(407f0b3ee6fdca44babd613d8e1b4e36) Importer(815301076,1909f56bfc062723c751e8b465ee728b)
Start importing Assets/Models/Characters/Death.anim using Guid(407f0b3ee6fdca44babd613d8e1b4e36) Importer(815301076,1909f56bfc062723c751e8b465ee728b)  -> (artifact id: '15b6fd283bbfe1b6cf5a6ff5c459beb3') in 0.019079 seconds 
========================================================================
Received Import Request.
  Time since last request: 4.723767 seconds.
  path: Assets/Models/Characters/DeathElephant.anim
  artifactKey: Guid(407f0b3ee6fdca44babd613d8e1b4e36) Importer(815301076,1909f56bfc062723c751e8b465ee728b)
Start importing Assets/Models/Characters/DeathElephant.anim using Guid(407f0b3ee6fdca44babd613d8e1b4e36) Importer(815301076,1909f56bfc062723c751e8b465ee728b)  -> (artifact id: 'f4382f309104b9ffd085d386e6436434') in 0.010325 seconds 
========================================================================
Received Prepare
Registering precompiled user dll's ...
Registered in 0.007125 seconds.
Begin MonoManager ReloadAssembly
Native extension for WindowsStandalone target not found
Refreshing native plugins compatible for Editor in 0.74 ms, found 2 plugins.
Preloading 0 native plugins for Editor in 0.00 ms.
RefreshInfo: StopAssetImportingV2(NoUpdateAssetOptions) scanfilter: 
RefreshProfiler: Total: 0.000ms
Mono: successfully reloaded assembly
- Completed reload, in  0.905 seconds
Platform modules already initialized, skipping
Refreshing native plugins compatible for Editor in 0.80 ms, found 2 plugins.
Preloading 0 native plugins for Editor in 0.00 ms.
Unloading 804 Unused Serialized files (Serialized files now loaded: 0)
System memory in use before: 62.9 MB.
System memory in use after: 63.0 MB.

Unloading 90 unused Assets to reduce memory usage. Loaded Objects now: 2299.
Total: 4.516300 ms (FindLiveObjects: 0.152800 ms CreateObjectMapping: 0.053400 ms MarkObjects: 4.276400 ms  DeleteObjects: 0.032400 ms)

========================================================================
Received Prepare
Registering precompiled user dll's ...
Registered in 0.008278 seconds.
Begin MonoManager ReloadAssembly
Native extension for WindowsStandalone target not found
Refreshing native plugins compatible for Editor in 1.00 ms, found 2 plugins.
Preloading 0 native plugins for Editor in 0.00 ms.
RefreshInfo: StopAssetImportingV2(NoUpdateAssetOptions) scanfilter: 
RefreshProfiler: Total: 0.000ms
Mono: successfully reloaded assembly
- Completed reload, in  1.133 seconds
Platform modules already initialized, skipping
Refreshing native plugins compatible for Editor in 0.88 ms, found 2 plugins.
Preloading 0 native plugins for Editor in 0.00 ms.
Unloading 804 Unused Serialized files (Serialized files now loaded: 0)
System memory in use before: 62.9 MB.
System memory in use after: 63.0 MB.

Unloading 90 unused Assets to reduce memory usage. Loaded Objects now: 2302.
Total: 6.473900 ms (FindLiveObjects: 0.206500 ms CreateObjectMapping: 0.173700 ms MarkObjects: 6.043700 ms  DeleteObjects: 0.048800 ms)

========================================================================
Received Import Request.
  Time since last request: 362.051644 seconds.
  path: Assets/Models/Characters/ZomBear.fbx
  artifactKey: Guid(c236aa7ad6dcabe47abc7d2cf903ae71) Importer(815301076,1909f56bfc062723c751e8b465ee728b)
Start importing Assets/Models/Characters/ZomBear.fbx using Guid(c236aa7ad6dcabe47abc7d2cf903ae71) Importer(815301076,1909f56bfc062723c751e8b465ee728b)  -> (artifact id: 'c3864b3db320c0c2d85e1ff72aa04aa6') in 0.115243 seconds 
========================================================================
Received Import Request.
  Time since last request: 1.651957 seconds.
  path: Assets/Models/Characters/DeathElephant.anim
  artifactKey: Guid(407f0b3ee6fdca44babd613d8e1b4e36) Importer(815301076,1909f56bfc062723c751e8b465ee728b)
Start importing Assets/Models/Characters/DeathElephant.anim using Guid(407f0b3ee6fdca44babd613d8e1b4e36) Importer(815301076,1909f56bfc062723c751e8b465ee728b)  -> (artifact id: 'd5007b3db724baa20e0d747abf8c896c') in 0.015063 seconds 
========================================================================
Received Prepare
Registering precompiled user dll's ...
Registered in 0.007875 seconds.
Begin MonoManager ReloadAssembly
Native extension for WindowsStandalone target not found
Refreshing native plugins compatible for Editor in 0.78 ms, found 2 plugins.
Preloading 0 native plugins for Editor in 0.00 ms.
RefreshInfo: StopAssetImportingV2(NoUpdateAssetOptions) scanfilter: 
RefreshProfiler: Total: 0.000ms
Mono: successfully reloaded assembly
- Completed reload, in  1.134 seconds
Platform modules already initialized, skipping
Refreshing native plugins compatible for Editor in 0.80 ms, found 2 plugins.
Preloading 0 native plugins for Editor in 0.00 ms.
Unloading 804 Unused Serialized files (Serialized files now loaded: 0)
System memory in use before: 62.9 MB.
System memory in use after: 63.0 MB.

Unloading 90 unused Assets to reduce memory usage. Loaded Objects now: 2306.
Total: 5.132600 ms (FindLiveObjects: 0.160200 ms CreateObjectMapping: 0.046900 ms MarkObjects: 4.885800 ms  DeleteObjects: 0.038000 ms)

========================================================================
Received Prepare
Registering precompiled user dll's ...
Registered in 0.008264 seconds.
Begin MonoManager ReloadAssembly
Native extension for WindowsStandalone target not found
Refreshing native plugins compatible for Editor in 0.84 ms, found 2 plugins.
Preloading 0 native plugins for Editor in 0.00 ms.
RefreshInfo: StopAssetImportingV2(NoUpdateAssetOptions) scanfilter: 
RefreshProfiler: Total: 0.000ms
Mono: successfully reloaded assembly
- Completed reload, in  1.147 seconds
Platform modules already initialized, skipping
Refreshing native plugins compatible for Editor in 0.78 ms, found 2 plugins.
Preloading 0 native plugins for Editor in 0.00 ms.
Unloading 804 Unused Serialized files (Serialized files now loaded: 0)
System memory in use before: 62.9 MB.
System memory in use after: 63.1 MB.

Unloading 90 unused Assets to reduce memory usage. Loaded Objects now: 2309.
Total: 5.487500 ms (FindLiveObjects: 0.212000 ms CreateObjectMapping: 0.077000 ms MarkObjects: 5.163800 ms  DeleteObjects: 0.033000 ms)

AssetImportWorkerClient::OnTransportError - code=2 error=End of file
